2011.10.21 15:47 B F:\awo17\templates\awo\images\mobile\arrow.png <-- seniorenzentren /joomla17/templates/awo/images/mobile arrow.png
2011.10.21 15:47 B F:\awo17\templates\awo\images\mobile\arrow.psd <-- seniorenzentren /joomla17/templates/awo/images/mobile arrow.psd
2011.10.21 15:47 B F:\awo17\templates\awo\images\mobile\back.png <-- seniorenzentren /joomla17/templates/awo/images/mobile back.png
2011.10.21 15:47 B F:\awo17\templates\awo\images\mobile\back_button.png <-- seniorenzentren /joomla17/templates/awo/images/mobile back_button.png
2011.10.21 15:47 B F:\awo17\templates\awo\images\mobile\background.png <-- seniorenzentren /joomla17/templates/awo/images/mobile background.png
2011.10.21 15:47 B F:\awo17\templates\awo\images\mobile\home.png <-- seniorenzentren /joomla17/templates/awo/images/mobile home.png
2011.10.21 15:47 B F:\awo17\templates\awo\images\mobile\lupe.png <-- seniorenzentren /joomla17/templates/awo/images/mobile lupe.png
2011.10.21 15:47 B F:\awo17\templates\awo\images\mobile\mail.png <-- seniorenzentren /joomla17/templates/awo/images/mobile mail.png
2011.10.21 15:47 B F:\awo17\templates\awo\images\mobile\menu.png <-- seniorenzentren /joomla17/templates/awo/images/mobile menu.png
2011.10.21 15:47 B F:\awo17\templates\awo\images\mobile\menu.psd <-- seniorenzentren /joomla17/templates/awo/images/mobile menu.psd
2011.10.21 15:47 B F:\awo17\templates\awo\images\mobile\shot.png <-- seniorenzentren /joomla17/templates/awo/images/mobile shot.png
2011.10.22 17:42 B F:\awo17\templates\awo\images\mobile\arrow.png --> seniorenzentren-wuerttemberg.de /joomla17/templates/awo/images/mobile arrow.png
2011.10.22 17:42 B F:\awo17\templates\awo\images\mobile\arrow.psd --> seniorenzentren-wuerttemberg.de /joomla17/templates/awo/images/mobile arrow.psd
2011.10.22 17:42 B F:\awo17\templates\awo\images\mobile\back.png --> seniorenzentren-wuerttemberg.de /joomla17/templates/awo/images/mobile back.png
2011.10.22 17:42 B F:\awo17\templates\awo\images\mobile\back_button.png --> seniorenzentren-wuerttemberg.de /joomla17/templates/awo/images/mobile back_button.png
2011.10.22 17:42 B F:\awo17\templates\awo\images\mobile\background.png --> seniorenzentren-wuerttemberg.de /joomla17/templates/awo/images/mobile background.png
2011.10.22 17:42 B F:\awo17\templates\awo\images\mobile\home.png --> seniorenzentren-wuerttemberg.de /joomla17/templates/awo/images/mobile home.png
2011.10.22 17:42 B F:\awo17\templates\awo\images\mobile\lupe.png --> seniorenzentren-wuerttemberg.de /joomla17/templates/awo/images/mobile lupe.png
2011.10.22 17:42 B F:\awo17\templates\awo\images\mobile\mail.png --> seniorenzentren-wuerttemberg.de /joomla17/templates/awo/images/mobile mail.png
2011.10.22 17:42 B F:\awo17\templates\awo\images\mobile\menu.png --> seniorenzentren-wuerttemberg.de /joomla17/templates/awo/images/mobile menu.png
2011.10.22 17:43 B F:\awo17\templates\awo\images\mobile\menu.psd --> seniorenzentren-wuerttemberg.de /joomla17/templates/awo/images/mobile menu.psd
2011.10.22 17:43 B F:\awo17\templates\awo\images\mobile\shot.png --> seniorenzentren-wuerttemberg.de /joomla17/templates/awo/images/mobile shot.png
2011.10.22 17:43 B F:\awo17\templates\awo\images\mobile\Thumbs.db --> seniorenzentren-wuerttemberg.de /joomla17/templates/awo/images/mobile Thumbs.db
2011.11.23 10:38 B F:\awo17\templates\awo\images\mobile\WS_FTP.LOG <-- seniorenzentren /joomla17/templates/awo/images/mobile WS_FTP.LOG
2011.12.02 11:16 B F:\awo17\templates\awo\images\mobile\menu.png --> seniorenzentren-wuerttemberg.de /joomla17/templates/awo/images/mobile menu.png
2011.12.02 15:18 B F:\awo17\templates\awo\images\mobile\checkbox.png --> seniorenzentren-wuerttemberg.de /joomla17/templates/awo/images/mobile checkbox.png
2011.12.02 15:19 B F:\awo17\templates\awo\images\mobile\checkbox_on.png --> seniorenzentren-wuerttemberg.de /joomla17/templates/awo/images/mobile checkbox_on.png
2011.12.02 15:19 B F:\awo17\templates\awo\images\mobile\radio.png --> seniorenzentren-wuerttemberg.de /joomla17/templates/awo/images/mobile radio.png
